c:\git\oop_praktikum\2019_04_11_operators_and_inheritance\2019_04_10_previousexercise\consoleapplication1\x64\debug\consoleapplication.pch
c:\git\oop_praktikum\2019_04_11_operators_and_inheritance\2019_04_10_previousexercise\consoleapplication1\x64\debug\vc141.pdb
c:\git\oop_praktikum\2019_04_11_operators_and_inheritance\2019_04_10_previousexercise\consoleapplication1\x64\debug\vc141.idb
c:\git\oop_praktikum\2019_04_11_operators_and_inheritance\2019_04_10_previousexercise\consoleapplication1\x64\debug\pch.obj
c:\git\oop_praktikum\2019_04_11_operators_and_inheritance\2019_04_10_previousexercise\consoleapplication1\x64\debug\main.obj
c:\git\oop_praktikum\2019_04_11_operators_and_inheritance\2019_04_10_previousexercise\consoleapplication1\x64\debug\point3d.obj
c:\git\oop_praktikum\2019_04_11_operators_and_inheritance\2019_04_10_previousexercise\consoleapplication1\x64\debug\points3dmanager.obj
c:\git\oop_praktikum\2019_04_11_operators_and_inheritance\2019_04_10_previousexercise\consoleapplication1\x64\debug\stdafx.obj
c:\git\oop_praktikum\2019_04_11_operators_and_inheritance\2019_04_10_previousexercise\consoleapplication1\x64\debug\triangle.obj
c:\git\oop_praktikum\2019_04_11_operators_and_inheritance\2019_04_10_previousexercise\x64\debug\consoleapplication.exe
c:\git\oop_praktikum\2019_04_11_operators_and_inheritance\2019_04_10_previousexercise\x64\debug\consoleapplication.ilk
c:\git\oop_praktikum\2019_04_11_operators_and_inheritance\2019_04_10_previousexercise\x64\debug\consoleapplication.pdb
c:\git\oop_praktikum\2019_04_11_operators_and_inheritance\2019_04_10_previousexercise\consoleapplication1\x64\debug\consoleapplication1.obj
c:\git\oop_praktikum\2019_04_11_operators_and_inheritance\2019_04_10_previousexercise\consoleapplication1\x64\debug\pointsmanager.obj
c:\git\oop_praktikum\2019_04_11_operators_and_inheritance\2019_04_10_previousexercise\consoleapplication1\x64\debug\consoleapplication1.pch
c:\git\oop_praktikum\2019_04_11_operators_and_inheritance\2019_04_10_previousexercise\consoleapplication1\x64\debug\consolea.5354159c.tlog\cl.command.1.tlog
c:\git\oop_praktikum\2019_04_11_operators_and_inheritance\2019_04_10_previousexercise\consoleapplication1\x64\debug\consolea.5354159c.tlog\cl.read.1.tlog
c:\git\oop_praktikum\2019_04_11_operators_and_inheritance\2019_04_10_previousexercise\consoleapplication1\x64\debug\consolea.5354159c.tlog\cl.write.1.tlog
c:\git\oop_praktikum\2019_04_11_operators_and_inheritance\2019_04_10_previousexercise\consoleapplication1\x64\debug\consolea.5354159c.tlog\link.command.1.tlog
c:\git\oop_praktikum\2019_04_11_operators_and_inheritance\2019_04_10_previousexercise\consoleapplication1\x64\debug\consolea.5354159c.tlog\link.read.1.tlog
c:\git\oop_praktikum\2019_04_11_operators_and_inheritance\2019_04_10_previousexercise\consoleapplication1\x64\debug\consolea.5354159c.tlog\link.write.1.tlog
